{"/Users/esteban/Documents/zemoga/src/components/button/button.js": {"path":"/Users/esteban/Documents/zemoga/src/components/button/button.js","statementMap":{"0":{"start":{"line":3,"column":31},"end":{"line":3,"column":52}},"1":{"start":{"line":5,"column":15},"end":{"line":9,"column":1}},"2":{"start":{"line":6,"column":4},"end":{"line":8,"column":13}},"3":{"start":{"line":11,"column":0},"end":{"line":16,"column":2}}},"fnMap":{"0":{"name":"(anonymous_0)","decl":{"start":{"line":5,"column":15},"end":{"line":5,"column":16}},"loc":{"start":{"line":6,"column":4},"end":{"line":8,"column":13}},"line":6}},"branchMap":{"0":{"loc":{"start":{"line":7,"column":10},"end":{"line":7,"column":22}},"type":"binary-expr","locations":[{"start":{"line":7,"column":10},"end":{"line":7,"column":14}},{"start":{"line":7,"column":18},"end":{"line":7,"column":22}}],"line":7}},"s":{"0":1,"1":1,"2":1,"3":1},"f":{"0":1},"b":{"0":[1,1]},"_coverageSchema":"1a1c01bbd47fc00a2c39e90264f33305004495a9","hash":"468e5efdd142000ac2500ac0d7741fb8a5104e0f"}
,"/Users/esteban/Documents/zemoga/src/components/nav/nav.js": {"path":"/Users/esteban/Documents/zemoga/src/components/nav/nav.js","statementMap":{"0":{"start":{"line":3,"column":12},"end":{"line":33,"column":1}},"1":{"start":{"line":4,"column":4},"end":{"line":32,"column":10}}},"fnMap":{"0":{"name":"(anonymous_0)","decl":{"start":{"line":3,"column":12},"end":{"line":3,"column":13}},"loc":{"start":{"line":4,"column":4},"end":{"line":32,"column":10}},"line":4}},"branchMap":{},"s":{"0":1,"1":1},"f":{"0":1},"b":{},"_coverageSchema":"1a1c01bbd47fc00a2c39e90264f33305004495a9","hash":"a9486cbab7cd7305e8534018fcd9bf92ba43c668"}
}
